<?xml version="1.0" encoding="UTF-8"?>
<!-- Generated by org.testng.reporters.JUnitReportReporter -->
<testsuite hostname="DESKTOP-N7HG28O" failures="0" tests="1" name="testpkg.Fblogintest" time="6.355" errors="0" timestamp="2024-01-02T17:50:30 IST" skipped="0">
  <testcase classname="testpkg.Fblogintest" name="testlogin" time="6.355"/>
  <system-out/>
</testsuite> <!-- testpkg.Fblogintest -->
