<?xml version="1.0" encoding="UTF-8"?>
<!-- Generated by org.testng.reporters.JUnitReportReporter -->
<testsuite hostname="DESKTOP-N7HG28O" failures="0" tests="1" name="testngpackage.Datadriven" time="26.854" errors="0" timestamp="2024-01-08T17:14:10 IST" skipped="0">
  <testcase classname="testngpackage.Datadriven" name="datadriven" time="26.854"/>
  <system-out/>
</testsuite> <!-- testngpackage.Datadriven -->
