<?xml version="1.0" encoding="UTF-8"?>
<!-- Generated by org.testng.reporters.JUnitReportReporter -->
<testsuite hostname="DESKTOP-N7HG28O" failures="0" tests="1" name="testngpackage.Copyandpaste" time="0.535" errors="0" timestamp="2023-12-14T16:08:12 IST" skipped="0">
  <testcase classname="testngpackage.Copyandpaste" name="test" time="0.535"/>
  <system-out/>
</testsuite> <!-- testngpackage.Copyandpaste -->
