<?xml version="1.0" encoding="UTF-8"?>
<!-- Generated by org.testng.reporters.JUnitReportReporter -->
<testsuite hostname="DESKTOP-N7HG28O" failures="0" tests="1" name="testpkg.Createtest" time="2.311" errors="0" timestamp="2024-01-02T17:50:30 IST" skipped="0">
  <testcase classname="testpkg.Createtest" name="testcreate" time="2.311"/>
  <system-out/>
</testsuite> <!-- testpkg.Createtest -->
