<?xml version="1.0" encoding="UTF-8"?>
<!-- Generated by org.testng.reporters.JUnitReportReporter -->
<testsuite hostname="DESKTOP-N7HG28O" failures="0" tests="1" name="testngpackage.Guru" time="0.398" errors="0" timestamp="2023-12-14T17:27:09 IST" skipped="0">
  <testcase classname="testngpackage.Guru" name="run" time="0.398"/>
  <system-out/>
</testsuite> <!-- testngpackage.Guru -->
