<?xml version="1.0" encoding="UTF-8"?>
<!-- Generated by org.testng.reporters.JUnitReportReporter -->
<testsuite hostname="DESKTOP-N7HG28O" failures="0" tests="1" name="testngpackage.Robotfileupload" time="0.761" errors="0" timestamp="2023-12-28T15:31:25 IST" skipped="0">
  <testcase classname="testngpackage.Robotfileupload" name="fileuploadprgm" time="0.761"/>
  <system-out/>
</testsuite> <!-- testngpackage.Robotfileupload -->
