<?xml version="1.0" encoding="UTF-8"?>
<!-- Generated by org.testng.reporters.JUnitReportReporter -->
<testsuite hostname="DESKTOP-N7HG28O" failures="0" tests="2" name="testngpackage.Testngdemo" time="0.010" errors="0" timestamp="2023-12-14T14:36:05 IST" skipped="0">
  <testcase classname="testngpackage.Testngdemo" name="test3" time="0.008"/>
  <system-out/>
  <testcase classname="testngpackage.Testngdemo" name="test1" time="0.002"/>
  <system-out/>
</testsuite> <!-- testngpackage.Testngdemo -->
