<?xml version="1.0" encoding="UTF-8"?>
<!-- Generated by org.testng.reporters.JUnitReportReporter -->
<testsuite hostname="DESKTOP-N7HG28O" failures="0" tests="1" name="testngpackage.parametrisation" time="0.009" errors="0" timestamp="2023-12-14T14:57:14 IST" skipped="0">
  <testcase classname="testngpackage.parametrisation" name="main" time="0.009"/>
  <system-out/>
</testsuite> <!-- testngpackage.parametrisation -->
