<?xml version="1.0" encoding="UTF-8"?>
<!-- Generated by org.testng.reporters.JUnitReportReporter -->
<testsuite hostname="DESKTOP-N7HG28O" failures="0" tests="1" name="testngpackage.Fileuploadautoit" time="8.225" errors="0" timestamp="2023-12-28T15:32:23 IST" skipped="0">
  <testcase classname="testngpackage.Fileuploadautoit" name="main" time="8.225"/>
  <system-out/>
</testsuite> <!-- testngpackage.Fileuploadautoit -->
