<?xml version="1.0" encoding="UTF-8"?>
<!-- Generated by org.testng.reporters.JUnitReportReporter -->
<testsuite hostname="DESKTOP-N7HG28O" failures="0" tests="1" name="testngpackage.facebook" time="3.189" errors="0" timestamp="2023-12-14T15:13:26 IST" skipped="0">
  <testcase classname="testngpackage.facebook" name="main" time="3.189"/>
  <system-out/>
</testsuite> <!-- testngpackage.facebook -->
