<?xml version="1.0" encoding="UTF-8"?>
<!-- Generated by org.testng.reporters.JUnitReportReporter -->
<testsuite hostname="DESKTOP-N7HG28O" failures="0" tests="1" name="testpkg.Logintest" time="0.991" errors="0" timestamp="2024-01-04T17:01:24 IST" skipped="0">
  <testcase classname="testpkg.Logintest" name="herbaltest" time="0.991"/>
  <system-out/>
</testsuite> <!-- testpkg.Logintest -->
